<?xml version="1.0" encoding="UTF-8"?>
<!-- Generated by org.testng.reporters.JUnitReportReporter -->
<testsuite skipped="0" hostname="DESKTOP-7JQBLOM" name="WebDriverBasics.InvocationConceptTest2" tests="6" failures="0" timestamp="18 Jan 2019 14:14:19 GMT" time="0.033" errors="0">
  <testcase name="homePageHeader_Test" time="0.002" classname="WebDriverBasics.InvocationConceptTest2"/>
  <testcase name="homePageInfo_Test" time="0.004" classname="WebDriverBasics.InvocationConceptTest2"/>
  <testcase name="homePageHeader_Test" time="0.003" classname="WebDriverBasics.InvocationConceptTest2"/>
  <testcase name="homePageHeader_Test" time="0.002" classname="WebDriverBasics.InvocationConceptTest2"/>
  <testcase name="homePageHeader_Test" time="0.018" classname="WebDriverBasics.InvocationConceptTest2"/>
  <testcase name="homePageHeader_Test" time="0.004" classname="WebDriverBasics.InvocationConceptTest2"/>
</testsuite> <!-- WebDriverBasics.InvocationConceptTest2 -->
