<?xml version="1.0" encoding="UTF-8"?>
<!-- Generated by org.testng.reporters.JUnitReportReporter -->
<testsuite skipped="1" hostname="DESKTOP-7JQBLOM" name="WebDriverBasics.PriorityConceptTest" tests="4" failures="0" timestamp="18 Jan 2019 14:08:16 GMT" time="0.024" errors="0">
  <testcase name="homePageTitle_Test" time="0.019" classname="WebDriverBasics.PriorityConceptTest"/>
  <testcase name="homePageInfo_Test" time="0.002" classname="WebDriverBasics.PriorityConceptTest"/>
  <testcase name="homePageHeader_Test" time="0.003" classname="WebDriverBasics.PriorityConceptTest"/>
  <testcase name="homePageSearch_Test" classname="WebDriverBasics.PriorityConceptTest">
    <skipped/>
  </testcase> <!-- homePageSearch_Test -->
</testsuite> <!-- WebDriverBasics.PriorityConceptTest -->
