<?xml version="1.0" encoding="UTF-8"?>
<!-- Generated by org.testng.reporters.JUnitReportReporter -->
<testsuite skipped="0" hostname="DESKTOP-7JQBLOM" name="WebDriverBasics.ExpectedExceptionConceptTest" tests="2" failures="0" timestamp="18 Jan 2019 14:18:16 GMT" time="0.023" errors="0">
  <testcase name="homePageInfo_Test" time="0.003" classname="WebDriverBasics.ExpectedExceptionConceptTest"/>
  <testcase name="homePageHeader_Test" time="0.020" classname="WebDriverBasics.ExpectedExceptionConceptTest"/>
</testsuite> <!-- WebDriverBasics.ExpectedExceptionConceptTest -->
