<?xml version="1.0" encoding="UTF-8"?>
<!-- Generated by org.testng.reporters.JUnitReportReporter -->
<testsuite skipped="0" hostname="DESKTOP-7JQBLOM" name="WebDriverBasics.TestNGAnnotations" tests="3" failures="0" timestamp="18 Jan 2019 14:02:54 GMT" time="0.022" errors="0">
  <testcase name="homePageInfo_Test" time="0.010" classname="WebDriverBasics.TestNGAnnotations"/>
  <testcase name="homePageTitle_Test" time="0.006" classname="WebDriverBasics.TestNGAnnotations"/>
  <testcase name="homePageHeader_Test" time="0.006" classname="WebDriverBasics.TestNGAnnotations"/>
</testsuite> <!-- WebDriverBasics.TestNGAnnotations -->
