<?xml version="1.0" encoding="UTF-8"?>
<!-- Generated by org.testng.reporters.JUnitReportReporter -->
<testsuite skipped="0" hostname="DESKTOP-7JQBLOM" name="HubSpotTests.HubSpotLoginTest" tests="1" failures="0" timestamp="21 Jan 2019 03:04:08 GMT" time="12.688" errors="0">
  <testcase name="verifyAccountNameTest" time="12.688" classname="HubSpotTests.HubSpotLoginTest"/>
</testsuite> <!-- HubSpotTests.HubSpotLoginTest -->
